<?xml version="1.0" encoding="UTF-8"?>
<testng-results skipped="0" failed="1" ignored="0" total="4" passed="3">
  <reporter-output>
  </reporter-output>
  <suite name="Suite" duration-ms="4167" started-at="2020-07-21T10:59:09 IST" finished-at="2020-07-21T10:59:13 IST">
    <groups>
      <group name="test4">
        <method signature="ReservationPageTest.reservationtest2()[pri:0, instance:com.adactin.ReservationPageTest@5891e32e]" name="reservationtest2" class="com.adactin.ReservationPageTest"/>
      </group> <!-- test4 -->
      <group name="regression">
        <method signature="LoginTest.loginTest(java.lang.String, java.lang.String)[pri:0, instance:com.adactin.LoginTest@553a3d88]" name="loginTest" class="com.adactin.LoginTest"/>
      </group> <!-- regression -->
      <group name="smoke">
        <method signature="CheckInTest.reservationPage()[pri:2, instance:com.adactin.CheckInTest@7a30d1e6]" name="reservationPage" class="com.adactin.CheckInTest"/>
      </group> <!-- smoke -->
    </groups>
    <test name="Test" duration-ms="4167" started-at="2020-07-21T10:59:09 IST" finished-at="2020-07-21T10:59:13 IST">
      <class name="com.adactin.SelectHotel">
        <test-method status="PASS" signature="searchHotel()[pri:0, instance:com.adactin.SelectHotel@cb0ed20]" name="searchHotel" duration-ms="3" depends-on-groups="test4" started-at="2020-07-21T10:59:13 IST" finished-at="2020-07-21T10:59:13 IST">
          <reporter-output>
          </reporter-output>
        </test-method> <!-- searchHotel -->
      </class> <!-- com.adactin.SelectHotel -->
      <class name="com.adactin.ReservationPageTest">
        <test-method status="PASS" signature="reservationtest2()[pri:0, instance:com.adactin.ReservationPageTest@5891e32e]" name="reservationtest2" duration-ms="2385" depends-on-groups="regression, regression" started-at="2020-07-21T10:59:11 IST" finished-at="2020-07-21T10:59:13 IST">
          <reporter-output>
          </reporter-output>
        </test-method> <!-- reservationtest2 -->
      </class> <!-- com.adactin.ReservationPageTest -->
      <class name="com.adactin.LoginTest">
        <test-method status="PASS" signature="launchbrowser()[pri:0, instance:com.adactin.LoginTest@553a3d88]" name="launchbrowser" is-config="true" duration-ms="7705" started-at="2020-07-21T10:59:01 IST" finished-at="2020-07-21T10:59:09 IST">
          <reporter-output>
          </reporter-output>
        </test-method> <!-- launchbrowser -->
        <test-method status="PASS" signature="loginTest(java.lang.String, java.lang.String)[pri:0, instance:com.adactin.LoginTest@553a3d88]" name="loginTest" duration-ms="1671" started-at="2020-07-21T10:59:09 IST" finished-at="2020-07-21T10:59:11 IST">
          <params>
            <param index="0">
              <value>
                <![CDATA[sudhakar24]]>
              </value>
            </param>
            <param index="1">
              <value>
                <![CDATA[sidhere24]]>
              </value>
            </param>
          </params>
          <reporter-output>
          </reporter-output>
        </test-method> <!-- loginTest -->
        <test-method status="PASS" signature="closeBrowser()[pri:0, instance:com.adactin.LoginTest@553a3d88]" name="closeBrowser" is-config="true" duration-ms="380" started-at="2020-07-21T10:59:13 IST" finished-at="2020-07-21T10:59:14 IST">
          <reporter-output>
          </reporter-output>
        </test-method> <!-- closeBrowser -->
      </class> <!-- com.adactin.LoginTest -->
      <class name="com.adactin.CheckInTest">
        <test-method status="FAIL" signature="reservationPage()[pri:2, instance:com.adactin.CheckInTest@7a30d1e6]" name="reservationPage" duration-ms="20" depends-on-groups="regression, regression" started-at="2020-07-21T10:59:13 IST" finished-at="2020-07-21T10:59:13 IST">
          <exception class="java.lang.AssertionError">
            <message>
              <![CDATA[date not valid expected [false] but found [true]]]>
            </message>
            <full-stacktrace>
              <![CDATA[java.lang.AssertionError: date not valid expected [false] but found [true]
at org.testng.Assert.fail(Assert.java:97)
at org.testng.Assert.failNotEquals(Assert.java:968)
at org.testng.Assert.assertFalse(Assert.java:65)
at com.adactin.CheckInTest.reservationPage(CheckInTest.java:23)
at sun.reflect.NativeMethodAccessorImpl.invoke0(Native Method)
at sun.reflect.NativeMethodAccessorImpl.invoke(Unknown Source)
at sun.reflect.DelegatingMethodAccessorImpl.invoke(Unknown Source)
at java.lang.reflect.Method.invoke(Unknown Source)
at org.testng.internal.MethodInvocationHelper.invokeMethod(MethodInvocationHelper.java:135)
at org.testng.internal.TestInvoker.invokeMethod(TestInvoker.java:598)
at org.testng.internal.TestInvoker.invokeTestMethod(TestInvoker.java:174)
at org.testng.internal.MethodRunner.runInSequence(MethodRunner.java:46)
at org.testng.internal.TestInvoker$MethodInvocationAgent.invoke(TestInvoker.java:821)
at org.testng.internal.TestInvoker.invokeTestMethods(TestInvoker.java:147)
at org.testng.internal.TestMethodWorker.invokeTestMethods(TestMethodWorker.java:146)
at org.testng.internal.TestMethodWorker.run(TestMethodWorker.java:128)
at java.util.ArrayList.forEach(Unknown Source)
at org.testng.TestRunner.privateRun(TestRunner.java:767)
at org.testng.TestRunner.run(TestRunner.java:588)
at org.testng.SuiteRunner.runTest(SuiteRunner.java:384)
at org.testng.SuiteRunner.runSequentially(SuiteRunner.java:378)
at org.testng.SuiteRunner.privateRun(SuiteRunner.java:337)
at org.testng.SuiteRunner.run(SuiteRunner.java:286)
at org.testng.SuiteRunnerWorker.runSuite(SuiteRunnerWorker.java:53)
at org.testng.SuiteRunnerWorker.run(SuiteRunnerWorker.java:96)
at org.testng.TestNG.runSuitesSequentially(TestNG.java:1214)
at org.testng.TestNG.runSuitesLocally(TestNG.java:1136)
at org.testng.TestNG.runSuites(TestNG.java:1066)
at org.testng.TestNG.run(TestNG.java:1034)
at org.testng.remote.AbstractRemoteTestNG.run(AbstractRemoteTestNG.java:115)
at org.testng.remote.RemoteTestNG.initAndRun(RemoteTestNG.java:251)
at org.testng.remote.RemoteTestNG.main(RemoteTestNG.java:77)
]]>
            </full-stacktrace>
          </exception> <!-- java.lang.AssertionError -->
          <reporter-output>
          </reporter-output>
        </test-method> <!-- reservationPage -->
      </class> <!-- com.adactin.CheckInTest -->
    </test> <!-- Test -->
  </suite> <!-- Suite -->
</testng-results>
